{
  "stats": {
    "suites": 1,
    "tests": 6,
    "passes": 6,
    "pending": 0,
    "failures": 0,
    "start": "2021-04-30T07:51:53.946Z",
    "end": "2021-04-30T07:52:14.892Z",
    "duration": 20946,
    "testsRegistered": 6,
    "passPercent": 100,
    "pendingPercent": 0,
    "other": 0,
    "hasOther": false,
    "skipped": 0,
    "hasSkipped": false
  },
  "results": [
    {
      "uuid": "fffcf3b4-3e19-4e2d-b978-b471d73270e0",
      "title": "",
      "fullFile": "cypress/integration/page-objects.spec.js",
      "file": "cypress/integration/page-objects.spec.js",
      "beforeHooks": [],
      "afterHooks": [],
      "tests": [],
      "suites": [
        {
          "uuid": "4c76041b-c998-4ff5-845e-71ac069e074c",
          "title": "Testsuite",
          "fullFile": "",
          "file": "",
          "beforeHooks": [],
          "afterHooks": [],
          "tests": [
            {
              "title": "Login and logout",
              "fullTitle": "Testsuite Login and logout",
              "timedOut": null,
              "duration": 2888,
              "state": "passed",
              "speed": "slow",
              "pass": true,
              "fail": false,
              "pending": false,
              "context": null,
              "code": "index.logoutUser(\"Login\");",
              "err": {},
              "uuid": "babe1599-545c-4948-9f1b-831bb4e9adb5",
              "parentUUID": "4c76041b-c998-4ff5-845e-71ac069e074c",
              "isHook": false,
              "skipped": false
            },
            {
              "title": "Client",
              "fullTitle": "Testsuite Client",
              "timedOut": null,
              "duration": 3826,
              "state": "passed",
              "speed": "slow",
              "pass": true,
              "fail": false,
              "pending": false,
              "context": null,
              "code": "index.viewClients(\"Clients\");\nclient.viewClientNew(\"New Client\");\nnewClient.createClient(\"tester\", \"tester@mail.com\", \"0123456789\", \"Clients\");\nclient.verifyLastClient(\"tester\", \"tester@mail.com\", \"0123456789\");\nclient.deleteLastClient();\nindex.logoutUser(\"Login\");",
              "err": {},
              "uuid": "00a5b55e-1802-47b0-bf4e-6f6effe88018",
              "parentUUID": "4c76041b-c998-4ff5-845e-71ac069e074c",
              "isHook": false,
              "skipped": false
            },
            {
              "title": "Bill",
              "fullTitle": "Testsuite Bill",
              "timedOut": null,
              "duration": 3418,
              "state": "passed",
              "speed": "slow",
              "pass": true,
              "fail": false,
              "pending": false,
              "context": null,
              "code": "index.viewBills(\"Bills\");\nbill.viewBillNew(\"New Bill\");\nnewBill.createBill(\"123456789\", \"Bills\");\nbill.verifyLastBill(\"123456789\");\nbill.deleteLastBill();\nindex.logoutUser(\"Login\");",
              "err": {},
              "uuid": "74905e57-24e0-4306-bcbf-dcee5636c768",
              "parentUUID": "4c76041b-c998-4ff5-845e-71ac069e074c",
              "isHook": false,
              "skipped": false
            },
            {
              "title": "Room",
              "fullTitle": "Testsuite Room",
              "timedOut": null,
              "duration": 4022,
              "state": "passed",
              "speed": "slow",
              "pass": true,
              "fail": false,
              "pending": false,
              "context": null,
              "code": "index.viewRooms(\"Rooms\");\nroom.viewRoomNew(\"New Room\");\nnewRoom.createRoom(\"double\", \"123456\", \"123\", \"123456789\", \"ensuite\", \"Rooms\");\nroom.verifyLastRoom(\"double\", \"123456\", \"123\", \"123456789\", \"ensuite\");\nroom.deleteLastRoom();\nindex.logoutUser(\"Login\");",
              "err": {},
              "uuid": "d6d08f26-78c1-4be4-9134-1f8bdbfdedb8",
              "parentUUID": "4c76041b-c998-4ff5-845e-71ac069e074c",
              "isHook": false,
              "skipped": false
            },
            {
              "title": "Reservation",
              "fullTitle": "Testsuite Reservation",
              "timedOut": null,
              "duration": 4047,
              "state": "passed",
              "speed": "slow",
              "pass": true,
              "fail": false,
              "pending": false,
              "context": null,
              "code": "index.viewReservations(\"Reservations\");\nreservation.viewReservationNew(\"New Reservation\");\nnewReservation.createReservation(\"1999-06-19\", \"2026-06-19\", \"Jonas Hellman (#1)\", \"Floor 1, Room 101\", \"ID: 1\", \"Reservations\");\nreservation.verifyLastReservation(\"1999-06-19\", \"2026-06-19\", \"Jonas Hellman\", \"Room: 1\", \"ID: 1\");\nreservation.deleteLastReservation();\nindex.logoutUser(\"Login\");",
              "err": {},
              "uuid": "2f5ac28c-4e0e-48ba-9e32-2b770706f7be",
              "parentUUID": "4c76041b-c998-4ff5-845e-71ac069e074c",
              "isHook": false,
              "skipped": false
            },
            {
              "title": "Home",
              "fullTitle": "Testsuite Home",
              "timedOut": null,
              "duration": 2686,
              "state": "passed",
              "speed": "slow",
              "pass": true,
              "fail": false,
              "pending": false,
              "context": null,
              "code": "index.viewBills(\"Bills\");\nbill.returnToHomePage(\"Tester Hotel Overview\");\nindex.logoutUser(\"Login\");",
              "err": {},
              "uuid": "0a1d03f7-0c5c-4272-a947-fa4f4e4bca1f",
              "parentUUID": "4c76041b-c998-4ff5-845e-71ac069e074c",
              "isHook": false,
              "skipped": false
            }
          ],
          "suites": [],
          "passes": [
            "babe1599-545c-4948-9f1b-831bb4e9adb5",
            "00a5b55e-1802-47b0-bf4e-6f6effe88018",
            "74905e57-24e0-4306-bcbf-dcee5636c768",
            "d6d08f26-78c1-4be4-9134-1f8bdbfdedb8",
            "2f5ac28c-4e0e-48ba-9e32-2b770706f7be",
            "0a1d03f7-0c5c-4272-a947-fa4f4e4bca1f"
          ],
          "failures": [],
          "pending": [],
          "skipped": [],
          "duration": 20887,
          "root": false,
          "rootEmpty": false,
          "_timeout": 2000
        }
      ],
      "passes": [],
      "failures": [],
      "pending": [],
      "skipped": [],
      "duration": 0,
      "root": true,
      "rootEmpty": true,
      "_timeout": 2000
    }
  ],
  "meta": {
    "mocha": {
      "version": "7.0.1"
    },
    "mochawesome": {
      "options": {
        "quiet": false,
        "reportFilename": "mochawesome",
        "saveHtml": false,
        "saveJson": true,
        "consoleReporter": "spec",
        "useInlineDiffs": false,
        "code": true
      },
      "version": "6.2.2"
    },
    "marge": {
      "options": {
        "reportDir": "cypress/results",
        "overwrite": false,
        "html": false,
        "json": true
      },
      "version": "5.2.0"
    }
  }
}