{
  "stats": {
    "suites": 1,
    "tests": 6,
    "passes": 6,
    "pending": 0,
    "failures": 0,
    "start": "2021-04-30T08:19:48.006Z",
    "end": "2021-04-30T08:20:09.659Z",
    "duration": 21653,
    "testsRegistered": 6,
    "passPercent": 100,
    "pendingPercent": 0,
    "other": 0,
    "hasOther": false,
    "skipped": 0,
    "hasSkipped": false
  },
  "results": [
    {
      "uuid": "dcccb7ed-f112-42ae-a176-67ab966b1683",
      "title": "",
      "fullFile": "cypress/integration/page-objects.spec.js",
      "file": "cypress/integration/page-objects.spec.js",
      "beforeHooks": [],
      "afterHooks": [],
      "tests": [],
      "suites": [
        {
          "uuid": "87488d9c-4497-4c2b-a7e4-9ad904d9944e",
          "title": "Testsuite",
          "fullFile": "",
          "file": "",
          "beforeHooks": [],
          "afterHooks": [],
          "tests": [
            {
              "title": "Login and logout",
              "fullTitle": "Testsuite Login and logout",
              "timedOut": null,
              "duration": 2941,
              "state": "passed",
              "speed": "slow",
              "pass": true,
              "fail": false,
              "pending": false,
              "context": null,
              "code": "index.logoutUser(\"Login\");",
              "err": {},
              "uuid": "6b9d0446-81b2-45e8-ab71-d86790760dbe",
              "parentUUID": "87488d9c-4497-4c2b-a7e4-9ad904d9944e",
              "isHook": false,
              "skipped": false
            },
            {
              "title": "Client",
              "fullTitle": "Testsuite Client",
              "timedOut": null,
              "duration": 4305,
              "state": "passed",
              "speed": "slow",
              "pass": true,
              "fail": false,
              "pending": false,
              "context": null,
              "code": "index.viewClients(\"Clients\");\nclient.viewClientNew(\"New Client\");\nnewClient.createClient(\"tester\", \"tester@mail.com\", \"0123456789\", \"Clients\");\nclient.verifyLastClient(\"tester\", \"tester@mail.com\", \"0123456789\");\nclient.deleteLastClient();\nindex.logoutUser(\"Login\");",
              "err": {},
              "uuid": "306ca648-3f1a-429d-b205-3c8a1c08521a",
              "parentUUID": "87488d9c-4497-4c2b-a7e4-9ad904d9944e",
              "isHook": false,
              "skipped": false
            },
            {
              "title": "Bill",
              "fullTitle": "Testsuite Bill",
              "timedOut": null,
              "duration": 3323,
              "state": "passed",
              "speed": "slow",
              "pass": true,
              "fail": false,
              "pending": false,
              "context": null,
              "code": "index.viewBills(\"Bills\");\nbill.viewBillNew(\"New Bill\");\nnewBill.createBill(\"123456789\", \"Bills\");\nbill.verifyLastBill(\"123456789\");\nbill.deleteLastBill();\nindex.logoutUser(\"Login\");",
              "err": {},
              "uuid": "7792dad8-0726-47be-8ac9-e9ff0df13659",
              "parentUUID": "87488d9c-4497-4c2b-a7e4-9ad904d9944e",
              "isHook": false,
              "skipped": false
            },
            {
              "title": "Room",
              "fullTitle": "Testsuite Room",
              "timedOut": null,
              "duration": 4276,
              "state": "passed",
              "speed": "slow",
              "pass": true,
              "fail": false,
              "pending": false,
              "context": null,
              "code": "index.viewRooms(\"Rooms\");\nroom.viewRoomNew(\"New Room\");\nnewRoom.createRoom(\"double\", \"123456\", \"123\", \"123456789\", \"ensuite\", \"Rooms\");\nroom.verifyLastRoom(\"double\", \"123456\", \"123\", \"123456789\", \"ensuite\");\nroom.deleteLastRoom();\nindex.logoutUser(\"Login\");",
              "err": {},
              "uuid": "61257aca-0be6-47cd-8b50-094596548955",
              "parentUUID": "87488d9c-4497-4c2b-a7e4-9ad904d9944e",
              "isHook": false,
              "skipped": false
            },
            {
              "title": "Reservation",
              "fullTitle": "Testsuite Reservation",
              "timedOut": null,
              "duration": 4032,
              "state": "passed",
              "speed": "slow",
              "pass": true,
              "fail": false,
              "pending": false,
              "context": null,
              "code": "index.viewReservations(\"Reservations\");\nreservation.viewReservationNew(\"New Reservation\");\nnewReservation.createReservation(\"1999-06-19\", \"2026-06-19\", \"Jonas Hellman (#1)\", \"Floor 1, Room 101\", \"ID: 1\", \"Reservations\");\nreservation.verifyLastReservation(\"1999-06-19\", \"2026-06-19\", \"Jonas Hellman\", \"Room: 1\", \"ID: 1\");\nreservation.deleteLastReservation();\nindex.logoutUser(\"Login\");",
              "err": {},
              "uuid": "fc2efbbb-a111-40ff-9a7c-c6b655bfc8a6",
              "parentUUID": "87488d9c-4497-4c2b-a7e4-9ad904d9944e",
              "isHook": false,
              "skipped": false
            },
            {
              "title": "Home",
              "fullTitle": "Testsuite Home",
              "timedOut": null,
              "duration": 2700,
              "state": "passed",
              "speed": "slow",
              "pass": true,
              "fail": false,
              "pending": false,
              "context": null,
              "code": "index.viewBills(\"Bills\");\nbill.returnToHomePage(\"Tester Hotel Overview\");\nindex.logoutUser(\"Login\");",
              "err": {},
              "uuid": "50020e7a-efdb-4615-8538-03ba881e0cc9",
              "parentUUID": "87488d9c-4497-4c2b-a7e4-9ad904d9944e",
              "isHook": false,
              "skipped": false
            }
          ],
          "suites": [],
          "passes": [
            "6b9d0446-81b2-45e8-ab71-d86790760dbe",
            "306ca648-3f1a-429d-b205-3c8a1c08521a",
            "7792dad8-0726-47be-8ac9-e9ff0df13659",
            "61257aca-0be6-47cd-8b50-094596548955",
            "fc2efbbb-a111-40ff-9a7c-c6b655bfc8a6",
            "50020e7a-efdb-4615-8538-03ba881e0cc9"
          ],
          "failures": [],
          "pending": [],
          "skipped": [],
          "duration": 21577,
          "root": false,
          "rootEmpty": false,
          "_timeout": 2000
        }
      ],
      "passes": [],
      "failures": [],
      "pending": [],
      "skipped": [],
      "duration": 0,
      "root": true,
      "rootEmpty": true,
      "_timeout": 2000
    }
  ],
  "meta": {
    "mocha": {
      "version": "7.0.1"
    },
    "mochawesome": {
      "options": {
        "quiet": false,
        "reportFilename": "mochawesome",
        "saveHtml": false,
        "saveJson": true,
        "consoleReporter": "spec",
        "useInlineDiffs": false,
        "code": true
      },
      "version": "6.2.2"
    },
    "marge": {
      "options": {
        "reportDir": "cypress/results",
        "overwrite": false,
        "html": false,
        "json": true
      },
      "version": "5.2.0"
    }
  }
}