{
  "stats": {
    "suites": 1,
    "tests": 1,
    "passes": 1,
    "pending": 0,
    "failures": 0,
    "start": "2021-04-30T08:19:27.111Z",
    "end": "2021-04-30T08:19:42.779Z",
    "duration": 15668,
    "testsRegistered": 1,
    "passPercent": 100,
    "pendingPercent": 0,
    "other": 0,
    "hasOther": false,
    "skipped": 0,
    "hasSkipped": false
  },
  "results": [
    {
      "uuid": "a7311bdc-42dd-497b-b58e-687938d5d65e",
      "title": "",
      "fullFile": "cypress/integration/hello-percy.spec.js",
      "file": "cypress/integration/hello-percy.spec.js",
      "beforeHooks": [],
      "afterHooks": [],
      "tests": [],
      "suites": [
        {
          "uuid": "a13a61fa-32f2-4c90-ae58-ff06414fa029",
          "title": "Percy check",
          "fullFile": "",
          "file": "",
          "beforeHooks": [],
          "afterHooks": [],
          "tests": [
            {
              "title": "Test case 1",
              "fullTitle": "Percy check Test case 1",
              "timedOut": null,
              "duration": 15568,
              "state": "passed",
              "speed": "slow",
              "pass": true,
              "fail": false,
              "pending": false,
              "context": null,
              "code": "cy.visit('http://localhost:3000/login');\ncy.title().should('eq', 'Testers Hotel');\ncy.contains('Login');\ncy.wait(2000);\ncy.log('At login page!');\ncy.percySnapshot('index-page');\ncy.get(':nth-child(1) > input').type('tester01');\ncy.get(':nth-child(2) > input').type('GteteqbQQgSr88SwNExUQv2ydb7xuf8c');\ncy.get('.btn').click();\ncy.contains('Welcome');\ncy.wait(2000);\ncy.log('At dashboard page!');\ncy.percySnapshot('dashboard-page');\ncy.get(':nth-child(1) > .btn').click();\ncy.contains('Rooms');\ncy.wait(2000);\ncy.percySnapshot('rooms-page');\ncy.get('h1 > .router-link-active').click();\ncy.contains('Tester Hotel Overview');\ncy.percySnapshot('index-page2');\ncy.get('.blocks > :nth-child(2) > .btn').click();\ncy.contains('Clients');\ncy.wait(2000);\ncy.percySnapshot('clients-page');\ncy.get('h1 > .router-link-active').click();\ncy.contains('Tester Hotel Overview');\ncy.get(':nth-child(3) > .btn').click();\ncy.contains('Bills');\ncy.wait(2000);\ncy.percySnapshot('bills-page');\ncy.get('h1 > .router-link-active').click();\ncy.contains('Tester Hotel Overview');\ncy.get(':nth-child(4) > .btn').click();\ncy.contains('Reservations');\ncy.wait(2000);\ncy.percySnapshot('reservations-page');\ncy.get('h1 > .router-link-active').click();",
              "err": {},
              "uuid": "61ee5114-a26a-47eb-8096-e9d50e2d5db0",
              "parentUUID": "a13a61fa-32f2-4c90-ae58-ff06414fa029",
              "isHook": false,
              "skipped": false
            }
          ],
          "suites": [],
          "passes": [
            "61ee5114-a26a-47eb-8096-e9d50e2d5db0"
          ],
          "failures": [],
          "pending": [],
          "skipped": [],
          "duration": 15568,
          "root": false,
          "rootEmpty": false,
          "_timeout": 2000
        }
      ],
      "passes": [],
      "failures": [],
      "pending": [],
      "skipped": [],
      "duration": 0,
      "root": true,
      "rootEmpty": true,
      "_timeout": 2000
    }
  ],
  "meta": {
    "mocha": {
      "version": "7.0.1"
    },
    "mochawesome": {
      "options": {
        "quiet": false,
        "reportFilename": "mochawesome",
        "saveHtml": false,
        "saveJson": true,
        "consoleReporter": "spec",
        "useInlineDiffs": false,
        "code": true
      },
      "version": "6.2.2"
    },
    "marge": {
      "options": {
        "reportDir": "cypress/results",
        "overwrite": false,
        "html": false,
        "json": true
      },
      "version": "5.2.0"
    }
  }
}